<?xml version="1.0" encoding="UTF-8"?>
<robot generator="Robot 6.1.1 (Python 3.11.5 on win32)" generated="20230831 10:47:33.303" rpa="false" schemaversion="4">
<suite id="s1" name="amazon testes gherkin BDD" source="E:\BACKUPLUCAS\ProjetosLucas\CursoUdemy\RobotFramework\WebTesting\amazon_testes_gherkin_BDD.robot">
<test id="s1-t1" name="Caso de Teste 01 - Acesso ao menu &quot;Eletrônicos&quot;" line="12">
<kw name="Abrir o navegador" library="amazon_resources" type="SETUP">
<kw name="Open Browser" library="SeleniumLibrary">
<arg>browser=${BROWSER}</arg>
<arg>options=add_experimental_option("detach", True)</arg>
<doc>Opens a new browser instance to the optional ``url``.</doc>
<msg timestamp="20230831 10:47:33.475" level="INFO">Opening browser 'chrome' to base url 'None'.</msg>
<status status="PASS" starttime="20230831 10:47:33.475" endtime="20230831 10:47:34.628"/>
</kw>
<kw name="Maximize Browser Window" library="SeleniumLibrary">
<doc>Maximizes current browser window.</doc>
<status status="PASS" starttime="20230831 10:47:34.628" endtime="20230831 10:47:34.753"/>
</kw>
<status status="PASS" starttime="20230831 10:47:33.474" endtime="20230831 10:47:34.753"/>
</kw>
<kw name="Dado que estou na home page da Amazon.com.br" library="amazon_resources">
<kw name="Acessar a home page do site Amazon.com.br" library="amazon_resources">
<kw name="Go To" library="SeleniumLibrary">
<arg>url=${URL}</arg>
<doc>Navigates the current browser window to the provided ``url``.</doc>
<msg timestamp="20230831 10:47:34.754" level="INFO">Opening url 'https://www.amazon.com.br/'</msg>
<status status="PASS" starttime="20230831 10:47:34.754" endtime="20230831 10:47:35.895"/>
</kw>
<kw name="Wait Until Element Is Visible" library="SeleniumLibrary">
<arg>locator=${MENU_ELETRONICOS}</arg>
<doc>Waits until the element ``locator`` is visible.</doc>
<status status="PASS" starttime="20230831 10:47:35.895" endtime="20230831 10:47:35.998"/>
</kw>
<status status="PASS" starttime="20230831 10:47:34.754" endtime="20230831 10:47:35.998"/>
</kw>
<status status="PASS" starttime="20230831 10:47:34.754" endtime="20230831 10:47:35.998"/>
</kw>
<kw name="Quando acessar o menu &quot;Eletrônicos&quot;" library="amazon_resources">
<kw name="Entrar no menu &quot;Eletrônicos&quot;" library="amazon_resources">
<kw name="Click Element" library="SeleniumLibrary">
<arg>locator=${MENU_ELETRONICOS}</arg>
<doc>Click the element identified by ``locator``.</doc>
<msg timestamp="20230831 10:47:35.999" level="INFO">Clicking element '//a[@href='/Eletronicos-e-Tecnologia/b/?ie=UTF8&amp;node=16209062011&amp;ref_=nav_cs_electronics'][contains(.,'Eletrônicos')]'.</msg>
<status status="PASS" starttime="20230831 10:47:35.999" endtime="20230831 10:47:38.165"/>
</kw>
<status status="PASS" starttime="20230831 10:47:35.998" endtime="20230831 10:47:38.165"/>
</kw>
<status status="PASS" starttime="20230831 10:47:35.998" endtime="20230831 10:47:38.165"/>
</kw>
<kw name="Então o título da página deve ficar &quot;Eletrônicos e Tecnologia | Amazon.com.br&quot;" library="amazon_resources">
<kw name="Verificar se o título da página fica &quot;Eletrônicos e Tecnologia | Amazon.com.br&quot;" library="amazon_resources" sourcename="Verificar se o título da página fica &quot;${TITULO}&quot;">
<kw name="Title Should Be" library="SeleniumLibrary">
<arg>title=${TITULO}</arg>
<doc>Verifies that the current page title equals ``title``.</doc>
<msg timestamp="20230831 10:47:38.189" level="INFO">Page title is 'Eletrônicos e Tecnologia | Amazon.com.br'.</msg>
<status status="PASS" starttime="20230831 10:47:38.166" endtime="20230831 10:47:38.190"/>
</kw>
<status status="PASS" starttime="20230831 10:47:38.166" endtime="20230831 10:47:38.190"/>
</kw>
<status status="PASS" starttime="20230831 10:47:38.165" endtime="20230831 10:47:38.190"/>
</kw>
<kw name="E o texto &quot;Eletrônicos e Tecnologia&quot; deve ser exibido na página" library="amazon_resources">
<kw name="Verificar se aparece a frase &quot;Eletrônicos e Tecnologia&quot;" library="amazon_resources" sourcename="Verificar se aparece a frase &quot;${FRASE}&quot;">
<kw name="Wait Until Page Contains" library="SeleniumLibrary">
<arg>text=${FRASE}</arg>
<doc>Waits until ``text`` appears on the current page.</doc>
<status status="PASS" starttime="20230831 10:47:38.191" endtime="20230831 10:47:38.254"/>
</kw>
<kw name="Wait Until Element Is Visible" library="SeleniumLibrary">
<arg>locator=${HEADER_ELETRONICOS}</arg>
<doc>Waits until the element ``locator`` is visible.</doc>
<status status="PASS" starttime="20230831 10:47:38.255" endtime="20230831 10:47:38.322"/>
</kw>
<status status="PASS" starttime="20230831 10:47:38.190" endtime="20230831 10:47:38.322"/>
</kw>
<status status="PASS" starttime="20230831 10:47:38.190" endtime="20230831 10:47:38.322"/>
</kw>
<kw name="E a categoria &quot;Computadores e Informática&quot; deve ser exibida na página" library="amazon_resources">
<kw name="Verificar se aparece a categoria &quot;Computadores e Informática&quot;" library="amazon_resources" sourcename="Verificar se aparece a categoria &quot;${NOME_CATEGORIA}&quot;">
<kw name="Element Should Be Visible" library="SeleniumLibrary">
<arg>locator=//a[@aria-label='${NOME_CATEGORIA}']</arg>
<doc>Verifies that the element identified by ``locator`` is visible.</doc>
<msg timestamp="20230831 10:47:38.391" level="INFO">Element '//a[@aria-label='Computadores e Informática']' is displayed.</msg>
<status status="PASS" starttime="20230831 10:47:38.323" endtime="20230831 10:47:38.391"/>
</kw>
<status status="PASS" starttime="20230831 10:47:38.323" endtime="20230831 10:47:38.391"/>
</kw>
<status status="PASS" starttime="20230831 10:47:38.323" endtime="20230831 10:47:38.391"/>
</kw>
<doc>Esse teste verifica o menu eletrônicos do site da Amazon.com.br
e verifica a categoria Computadores e Eletrônicos</doc>
<tag>categorias</tag>
<tag>menus</tag>
<status status="PASS" starttime="20230831 10:47:33.474" endtime="20230831 10:47:38.392"/>
</test>
<test id="s1-t2" name="Caso de Teste 02 - Pesquisa de um Produto" line="22">
<kw name="Abrir o navegador" library="amazon_resources" type="SETUP">
<kw name="Open Browser" library="SeleniumLibrary">
<arg>browser=${BROWSER}</arg>
<arg>options=add_experimental_option("detach", True)</arg>
<doc>Opens a new browser instance to the optional ``url``.</doc>
<msg timestamp="20230831 10:47:38.394" level="INFO">Opening browser 'chrome' to base url 'None'.</msg>
<status status="PASS" starttime="20230831 10:47:38.394" endtime="20230831 10:47:39.565"/>
</kw>
<kw name="Maximize Browser Window" library="SeleniumLibrary">
<doc>Maximizes current browser window.</doc>
<status status="PASS" starttime="20230831 10:47:39.565" endtime="20230831 10:47:39.676"/>
</kw>
<status status="PASS" starttime="20230831 10:47:38.394" endtime="20230831 10:47:39.676"/>
</kw>
<kw name="Dado que estou na home page da Amazon.com.br" library="amazon_resources">
<kw name="Acessar a home page do site Amazon.com.br" library="amazon_resources">
<kw name="Go To" library="SeleniumLibrary">
<arg>url=${URL}</arg>
<doc>Navigates the current browser window to the provided ``url``.</doc>
<msg timestamp="20230831 10:47:39.676" level="INFO">Opening url 'https://www.amazon.com.br/'</msg>
<status status="PASS" starttime="20230831 10:47:39.676" endtime="20230831 10:47:40.422"/>
</kw>
<kw name="Wait Until Element Is Visible" library="SeleniumLibrary">
<arg>locator=${MENU_ELETRONICOS}</arg>
<doc>Waits until the element ``locator`` is visible.</doc>
<msg timestamp="20230831 10:47:45.557" level="INFO" html="true">&lt;/td&gt;&lt;/tr&gt;&lt;tr&gt;&lt;td colspan="3"&gt;&lt;a href="selenium-screenshot-26.png"&gt;&lt;img src="selenium-screenshot-26.png" width="800px"&gt;&lt;/a&gt;</msg>
<msg timestamp="20230831 10:47:45.557" level="FAIL">Element '//a[@href='/Eletronicos-e-Tecnologia/b/?ie=UTF8&amp;node=16209062011&amp;ref_=nav_cs_electronics'][contains(.,'Eletrônicos')]' not visible after 5 seconds.</msg>
<status status="FAIL" starttime="20230831 10:47:40.422" endtime="20230831 10:47:45.558"/>
</kw>
<status status="FAIL" starttime="20230831 10:47:39.676" endtime="20230831 10:47:45.558"/>
</kw>
<status status="FAIL" starttime="20230831 10:47:39.676" endtime="20230831 10:47:45.558"/>
</kw>
<kw name="Quando pesquisar pelo produto &quot;Xbox Series S&quot;" library="amazon_resources">
<status status="NOT RUN" starttime="20230831 10:47:45.558" endtime="20230831 10:47:45.559"/>
</kw>
<kw name="Então o título da página deve ficar &quot;Amazon.com.br : Xbox Series S&quot;" library="amazon_resources">
<status status="NOT RUN" starttime="20230831 10:47:45.560" endtime="20230831 10:47:45.560"/>
</kw>
<kw name="E um produto da linha &quot;Xbox Series S&quot; deve ser mostrado na página" library="amazon_resources">
<status status="NOT RUN" starttime="20230831 10:47:45.560" endtime="20230831 10:47:45.560"/>
</kw>
<doc>Esse teste verifica a busca de um produto</doc>
<tag>busca_produtos</tag>
<tag>lista_busca</tag>
<status status="FAIL" starttime="20230831 10:47:38.393" endtime="20230831 10:47:45.560">Element '//a[@href='/Eletronicos-e-Tecnologia/b/?ie=UTF8&amp;node=16209062011&amp;ref_=nav_cs_electronics'][contains(.,'Eletrônicos')]' not visible after 5 seconds.</status>
</test>
<test id="s1-t3" name="Caso de Teste 03 - Adicionar Produto no Carrinho" line="30">
<kw name="Abrir o navegador" library="amazon_resources" type="SETUP">
<kw name="Open Browser" library="SeleniumLibrary">
<arg>browser=${BROWSER}</arg>
<arg>options=add_experimental_option("detach", True)</arg>
<doc>Opens a new browser instance to the optional ``url``.</doc>
<msg timestamp="20230831 10:47:45.562" level="INFO">Opening browser 'chrome' to base url 'None'.</msg>
<status status="PASS" starttime="20230831 10:47:45.562" endtime="20230831 10:47:46.807"/>
</kw>
<kw name="Maximize Browser Window" library="SeleniumLibrary">
<doc>Maximizes current browser window.</doc>
<status status="PASS" starttime="20230831 10:47:46.807" endtime="20230831 10:47:46.922"/>
</kw>
<status status="PASS" starttime="20230831 10:47:45.562" endtime="20230831 10:47:46.922"/>
</kw>
<kw name="Dado que estou na home page da Amazon.com.br" library="amazon_resources">
<kw name="Acessar a home page do site Amazon.com.br" library="amazon_resources">
<kw name="Go To" library="SeleniumLibrary">
<arg>url=${URL}</arg>
<doc>Navigates the current browser window to the provided ``url``.</doc>
<msg timestamp="20230831 10:47:46.923" level="INFO">Opening url 'https://www.amazon.com.br/'</msg>
<status status="PASS" starttime="20230831 10:47:46.922" endtime="20230831 10:47:47.653"/>
</kw>
<kw name="Wait Until Element Is Visible" library="SeleniumLibrary">
<arg>locator=${MENU_ELETRONICOS}</arg>
<doc>Waits until the element ``locator`` is visible.</doc>
<msg timestamp="20230831 10:47:52.814" level="INFO" html="true">&lt;/td&gt;&lt;/tr&gt;&lt;tr&gt;&lt;td colspan="3"&gt;&lt;a href="selenium-screenshot-27.png"&gt;&lt;img src="selenium-screenshot-27.png" width="800px"&gt;&lt;/a&gt;</msg>
<msg timestamp="20230831 10:47:52.814" level="FAIL">Element '//a[@href='/Eletronicos-e-Tecnologia/b/?ie=UTF8&amp;node=16209062011&amp;ref_=nav_cs_electronics'][contains(.,'Eletrônicos')]' not visible after 5 seconds.</msg>
<status status="FAIL" starttime="20230831 10:47:47.653" endtime="20230831 10:47:52.815"/>
</kw>
<status status="FAIL" starttime="20230831 10:47:46.922" endtime="20230831 10:47:52.815"/>
</kw>
<status status="FAIL" starttime="20230831 10:47:46.922" endtime="20230831 10:47:52.815"/>
</kw>
<kw name="Quando adicionar o produto &quot;Console Xbox Series S&quot; no carrinho" library="amazon_resources">
<status status="NOT RUN" starttime="20230831 10:47:52.815" endtime="20230831 10:47:52.815"/>
</kw>
<kw name="Então o produto &quot;Console Xbox Series S&quot; deve ser mostrado no carrinho" library="amazon_resources">
<status status="NOT RUN" starttime="20230831 10:47:52.816" endtime="20230831 10:47:52.816"/>
</kw>
<doc>Esse teste verifica a adição de um produto no carrinho de compras</doc>
<tag>adicionar_carrinho</tag>
<status status="FAIL" starttime="20230831 10:47:45.562" endtime="20230831 10:47:52.816">Element '//a[@href='/Eletronicos-e-Tecnologia/b/?ie=UTF8&amp;node=16209062011&amp;ref_=nav_cs_electronics'][contains(.,'Eletrônicos')]' not visible after 5 seconds.</status>
</test>
<test id="s1-t4" name="Caso de Teste 04 - Remover Produto do Carrinho" line="37">
<kw name="Abrir o navegador" library="amazon_resources" type="SETUP">
<kw name="Open Browser" library="SeleniumLibrary">
<arg>browser=${BROWSER}</arg>
<arg>options=add_experimental_option("detach", True)</arg>
<doc>Opens a new browser instance to the optional ``url``.</doc>
<msg timestamp="20230831 10:47:52.819" level="INFO">Opening browser 'chrome' to base url 'None'.</msg>
<status status="PASS" starttime="20230831 10:47:52.819" endtime="20230831 10:47:53.974"/>
</kw>
<kw name="Maximize Browser Window" library="SeleniumLibrary">
<doc>Maximizes current browser window.</doc>
<status status="PASS" starttime="20230831 10:47:53.974" endtime="20230831 10:47:54.092"/>
</kw>
<status status="PASS" starttime="20230831 10:47:52.819" endtime="20230831 10:47:54.092"/>
</kw>
<kw name="Dado que estou na home page da Amazon.com.br" library="amazon_resources">
<kw name="Acessar a home page do site Amazon.com.br" library="amazon_resources">
<kw name="Go To" library="SeleniumLibrary">
<arg>url=${URL}</arg>
<doc>Navigates the current browser window to the provided ``url``.</doc>
<msg timestamp="20230831 10:47:54.094" level="INFO">Opening url 'https://www.amazon.com.br/'</msg>
<status status="PASS" starttime="20230831 10:47:54.094" endtime="20230831 10:47:55.229"/>
</kw>
<kw name="Wait Until Element Is Visible" library="SeleniumLibrary">
<arg>locator=${MENU_ELETRONICOS}</arg>
<doc>Waits until the element ``locator`` is visible.</doc>
<status status="PASS" starttime="20230831 10:47:55.229" endtime="20230831 10:47:55.290"/>
</kw>
<status status="PASS" starttime="20230831 10:47:54.093" endtime="20230831 10:47:55.290"/>
</kw>
<status status="PASS" starttime="20230831 10:47:54.093" endtime="20230831 10:47:55.290"/>
</kw>
<kw name="E existe o produto &quot;Console Xbox Series S&quot; no carrinho" library="amazon_resources">
<kw name="Digitar o nome de produto &quot;Xbox Series S&quot; no campo de pesquisa" library="amazon_resources" sourcename="Digitar o nome de produto &quot;${PRODUTO}&quot; no campo de pesquisa">
<kw name="Input Text" library="SeleniumLibrary">
<arg>locator=${PESQUISA}</arg>
<arg>text=${PRODUTO}</arg>
<doc>Types the given ``text`` into the text field identified by ``locator``.</doc>
<msg timestamp="20230831 10:47:55.292" level="INFO">Typing text 'Xbox Series S' into text field '//input[contains(@type,'text')]'.</msg>
<status status="PASS" starttime="20230831 10:47:55.292" endtime="20230831 10:47:55.472"/>
</kw>
<status status="PASS" starttime="20230831 10:47:55.291" endtime="20230831 10:47:55.472"/>
</kw>
<kw name="Clicar no botão de pesquisa" library="amazon_resources">
<kw name="Click Button" library="SeleniumLibrary">
<arg>locator=${BOTAO_PESQUISAR}</arg>
<doc>Clicks the button identified by ``locator``.</doc>
<msg timestamp="20230831 10:47:55.473" level="INFO">Clicking button '//input[contains(@type,'submit')]'.</msg>
<status status="PASS" starttime="20230831 10:47:55.473" endtime="20230831 10:47:57.186"/>
</kw>
<status status="PASS" starttime="20230831 10:47:55.472" endtime="20230831 10:47:57.186"/>
</kw>
<kw name="Verificar o resultado da pesquisa, listando o produto &quot;Console Xbox Series S&quot;" library="amazon_resources" sourcename="Verificar o resultado da pesquisa, listando o produto &quot;${PRODUTO_PESQUISADO}&quot;">
<kw name="Wait Until Element Is Visible" library="SeleniumLibrary">
<arg>locator=(//span[contains(.,'${PRODUTO_PESQUISADO}')])[2]</arg>
<doc>Waits until the element ``locator`` is visible.</doc>
<status status="PASS" starttime="20230831 10:47:57.186" endtime="20230831 10:47:57.210"/>
</kw>
<status status="PASS" starttime="20230831 10:47:57.186" endtime="20230831 10:47:57.210"/>
</kw>
<kw name="Adicionar o produto &quot;Console Xbox Series S&quot; no carrinho" library="amazon_resources" sourcename="Adicionar o produto &quot;${PRODUTO_CARRINHO}&quot; no carrinho">
<kw name="Click Element" library="SeleniumLibrary">
<arg>locator=//span[@class='a-size-base-plus a-color-base a-text-normal'][contains(.,'${PRODUTO_CARRINHO}')]</arg>
<doc>Click the element identified by ``locator``.</doc>
<msg timestamp="20230831 10:47:57.211" level="INFO">Clicking element '//span[@class='a-size-base-plus a-color-base a-text-normal'][contains(.,'Console Xbox Series S')]'.</msg>
<status status="PASS" starttime="20230831 10:47:57.211" endtime="20230831 10:48:01.114"/>
</kw>
<kw name="Wait Until Element Is Visible" library="SeleniumLibrary">
<arg>locator=productTitle</arg>
<doc>Waits until the element ``locator`` is visible.</doc>
<status status="PASS" starttime="20230831 10:48:01.114" endtime="20230831 10:48:01.292"/>
</kw>
<kw name="Click Button" library="SeleniumLibrary">
<arg>locator=add-to-cart-button</arg>
<doc>Clicks the button identified by ``locator``.</doc>
<msg timestamp="20230831 10:48:01.293" level="INFO">Clicking button 'add-to-cart-button'.</msg>
<status status="PASS" starttime="20230831 10:48:01.292" endtime="20230831 10:48:02.724"/>
</kw>
<status status="PASS" starttime="20230831 10:47:57.210" endtime="20230831 10:48:02.724"/>
</kw>
<kw name="Verificar se o produto &quot;Console Xbox Series S&quot; foi adicionado com sucesso" library="amazon_resources" sourcename="Verificar se o produto &quot;${PRODUTO_CARRINHO}&quot; foi adicionado com sucesso">
<kw name="Click Element" library="SeleniumLibrary">
<arg>locator=nav-cart-count-container</arg>
<doc>Click the element identified by ``locator``.</doc>
<msg timestamp="20230831 10:48:02.724" level="INFO">Clicking element 'nav-cart-count-container'.</msg>
<status status="PASS" starttime="20230831 10:48:02.724" endtime="20230831 10:48:03.542"/>
</kw>
<kw name="Wait Until Element Is Visible" library="SeleniumLibrary">
<arg>locator=//span[@class='a-truncate-cut'][contains(.,'${PRODUTO_CARRINHO}')]</arg>
<doc>Waits until the element ``locator`` is visible.</doc>
<status status="PASS" starttime="20230831 10:48:03.543" endtime="20230831 10:48:03.603"/>
</kw>
<status status="PASS" starttime="20230831 10:48:02.724" endtime="20230831 10:48:03.603"/>
</kw>
<status status="PASS" starttime="20230831 10:47:55.291" endtime="20230831 10:48:03.603"/>
</kw>
<kw name="Quando remover o produto &quot;Console Xbox Series S&quot; do carrinho" library="amazon_resources">
<kw name="Remover o produto &quot;Console Xbox Series S&quot; do carrinho" library="amazon_resources" sourcename="Remover o produto &quot;${PRODUTO_CARRINHO}&quot; do carrinho">
<kw name="Click Button" library="SeleniumLibrary">
<arg>locator=//input[@aria-label='Excluir ${PRODUTO_CARRINHO}']</arg>
<doc>Clicks the button identified by ``locator``.</doc>
<msg timestamp="20230831 10:48:03.604" level="INFO">Clicking button '//input[@aria-label='Excluir Console Xbox Series S']'.</msg>
<status status="PASS" starttime="20230831 10:48:03.604" endtime="20230831 10:48:03.686"/>
</kw>
<status status="PASS" starttime="20230831 10:48:03.604" endtime="20230831 10:48:03.686"/>
</kw>
<status status="PASS" starttime="20230831 10:48:03.604" endtime="20230831 10:48:03.686"/>
</kw>
<kw name="Então o carrinho deve ficar vazio" library="amazon_resources">
<kw name="Verificar se o carrinho fica vazio com a frase &quot;Seu carrinho de compras da Amazon está vazio.&quot;" library="amazon_resources" sourcename="Verificar se o carrinho fica vazio com a frase &quot;${CARRINHO_VAZIO}&quot;">
<kw name="Wait Until Element Is Visible" library="SeleniumLibrary">
<arg>locator=//h1[@class='a-spacing-mini a-spacing-top-base'][contains(.,'${CARRINHO_VAZIO}')]</arg>
<doc>Waits until the element ``locator`` is visible.</doc>
<status status="PASS" starttime="20230831 10:48:03.688" endtime="20230831 10:48:03.933"/>
</kw>
<status status="PASS" starttime="20230831 10:48:03.688" endtime="20230831 10:48:03.933"/>
</kw>
<status status="PASS" starttime="20230831 10:48:03.686" endtime="20230831 10:48:03.933"/>
</kw>
<doc>Esse teste verifica a remoção de um produto no carrinho de compras</doc>
<tag>remover_carrinho</tag>
<status status="PASS" starttime="20230831 10:47:52.818" endtime="20230831 10:48:03.934"/>
</test>
<doc>Essa suite testa o site da Amazon.com.br</doc>
<status status="FAIL" starttime="20230831 10:47:33.304" endtime="20230831 10:48:03.935"/>
</suite>
<statistics>
<total>
<stat pass="2" fail="2" skip="0">All Tests</stat>
</total>
<tag>
<stat pass="0" fail="1" skip="0">adicionar_carrinho</stat>
<stat pass="0" fail="1" skip="0">busca_produtos</stat>
<stat pass="1" fail="0" skip="0">categorias</stat>
<stat pass="0" fail="1" skip="0">lista_busca</stat>
<stat pass="1" fail="0" skip="0">menus</stat>
<stat pass="1" fail="0" skip="0">remover_carrinho</stat>
</tag>
<suite>
<stat pass="2" fail="2" skip="0" id="s1" name="amazon testes gherkin BDD">amazon testes gherkin BDD</stat>
</suite>
</statistics>
<errors>
</errors>
</robot>
