<?xml version="1.0" encoding="UTF-8"?>
<robot generator="Robot 6.1.1 (Python 3.11.5 on win32)" generated="20230831 09:15:48.725" rpa="false" schemaversion="4">
<suite id="s1" name="Amazon Testes" source="E:\BACKUPLUCAS\ProjetosLucas\CursoUdemy\RobotFramework\WebTesting\amazon_testes.robot">
<test id="s1-t1" name="Caso de Teste 03 - Adicionar Produto no Carrinho" line="31">
<kw name="Abrir o navegador" library="amazon_resources" type="SETUP">
<kw name="Open Browser" library="SeleniumLibrary">
<arg>browser=${BROWSER}</arg>
<doc>Opens a new browser instance to the optional ``url``.</doc>
<msg timestamp="20230831 09:15:48.904" level="INFO">Opening browser 'chrome' to base url 'None'.</msg>
<status status="PASS" starttime="20230831 09:15:48.903" endtime="20230831 09:15:50.246"/>
</kw>
<kw name="Maximize Browser Window" library="SeleniumLibrary">
<doc>Maximizes current browser window.</doc>
<status status="PASS" starttime="20230831 09:15:50.247" endtime="20230831 09:15:50.358"/>
</kw>
<status status="PASS" starttime="20230831 09:15:48.903" endtime="20230831 09:15:50.358"/>
</kw>
<kw name="Acessar a home page do site Amazon.com.br" library="amazon_resources">
<kw name="Go To" library="SeleniumLibrary">
<arg>url=${URL}</arg>
<doc>Navigates the current browser window to the provided ``url``.</doc>
<msg timestamp="20230831 09:15:50.359" level="INFO">Opening url 'https://www.amazon.com.br/'</msg>
<status status="PASS" starttime="20230831 09:15:50.359" endtime="20230831 09:15:51.560"/>
</kw>
<kw name="Wait Until Element Is Visible" library="SeleniumLibrary">
<arg>locator=${MENU_ELETRONICOS}</arg>
<doc>Waits until the element ``locator`` is visible.</doc>
<status status="PASS" starttime="20230831 09:15:51.560" endtime="20230831 09:15:51.702"/>
</kw>
<status status="PASS" starttime="20230831 09:15:50.359" endtime="20230831 09:15:51.702"/>
</kw>
<kw name="Digitar o nome de produto &quot;Xbox Series S&quot; no campo de pesquisa" library="amazon_resources" sourcename="Digitar o nome de produto &quot;${PRODUTO}&quot; no campo de pesquisa">
<kw name="Input Text" library="SeleniumLibrary">
<arg>locator=${PESQUISA}</arg>
<arg>text=${PRODUTO}</arg>
<doc>Types the given ``text`` into the text field identified by ``locator``.</doc>
<msg timestamp="20230831 09:15:51.703" level="INFO">Typing text 'Xbox Series S' into text field '//input[contains(@type,'text')]'.</msg>
<status status="PASS" starttime="20230831 09:15:51.702" endtime="20230831 09:15:51.830"/>
</kw>
<status status="PASS" starttime="20230831 09:15:51.702" endtime="20230831 09:15:51.830"/>
</kw>
<kw name="Clicar no botão de pesquisa" library="amazon_resources">
<kw name="Click Button" library="SeleniumLibrary">
<arg>locator=${BOTAO_PESQUISAR}</arg>
<doc>Clicks the button identified by ``locator``.</doc>
<msg timestamp="20230831 09:15:51.832" level="INFO">Clicking button '//input[contains(@type,'submit')]'.</msg>
<status status="PASS" starttime="20230831 09:15:51.831" endtime="20230831 09:15:53.797"/>
</kw>
<status status="PASS" starttime="20230831 09:15:51.831" endtime="20230831 09:15:53.797"/>
</kw>
<kw name="Verificar o resultado da pesquisa, listando o produto &quot;Console Xbox Series S&quot;" library="amazon_resources" sourcename="Verificar o resultado da pesquisa, listando o produto &quot;${PRODUTO_PESQUISADO}&quot;">
<kw name="Wait Until Element Is Visible" library="SeleniumLibrary">
<arg>locator=(//span[contains(.,'${PRODUTO_PESQUISADO}')])[2]</arg>
<doc>Waits until the element ``locator`` is visible.</doc>
<status status="PASS" starttime="20230831 09:15:53.798" endtime="20230831 09:15:53.820"/>
</kw>
<status status="PASS" starttime="20230831 09:15:53.797" endtime="20230831 09:15:53.820"/>
</kw>
<kw name="Adicionar o produto &quot;Console Xbox Series S&quot; no carrinho" library="amazon_resources" sourcename="Adicionar o produto &quot;${PRODUTO_CARRINHO}&quot; no carrinho">
<kw name="Click Element" library="SeleniumLibrary">
<arg>locator=(//span[contains(.,'${PRODUTO_CARRINHO}')])[4]</arg>
<doc>Click the element identified by ``locator``.</doc>
<msg timestamp="20230831 09:15:53.821" level="INFO">Clicking element '(//span[contains(.,'Console Xbox Series S')])[4]'.</msg>
<msg timestamp="20230831 09:15:53.992" level="INFO" html="true">&lt;/td&gt;&lt;/tr&gt;&lt;tr&gt;&lt;td colspan="3"&gt;&lt;a href="selenium-screenshot-6.png"&gt;&lt;img src="selenium-screenshot-6.png" width="800px"&gt;&lt;/a&gt;</msg>
<msg timestamp="20230831 09:15:53.992" level="FAIL">Element with locator '(//span[contains(.,'Console Xbox Series S')])[4]' not found.</msg>
<status status="FAIL" starttime="20230831 09:15:53.821" endtime="20230831 09:15:54.028"/>
</kw>
<kw name="Wait Until Element Is Visible" library="SeleniumLibrary">
<arg>locator=(//span[contains(.,'${PRODUTO_CARRINHO}')])[4]</arg>
<doc>Waits until the element ``locator`` is visible.</doc>
<status status="NOT RUN" starttime="20230831 09:15:54.028" endtime="20230831 09:15:54.028"/>
</kw>
<kw name="Click Button" library="SeleniumLibrary">
<arg>locator=add-to-cart-button</arg>
<doc>Clicks the button identified by ``locator``.</doc>
<status status="NOT RUN" starttime="20230831 09:15:54.028" endtime="20230831 09:15:54.028"/>
</kw>
<status status="FAIL" starttime="20230831 09:15:53.821" endtime="20230831 09:15:54.028"/>
</kw>
<kw name="Verificar se o produto &quot;Console Xbox Series S&quot; foi adicionado com sucesso" library="amazon_resources" sourcename="Verificar se o produto &quot;${PRODUTO_CARRINHO}&quot; foi adicionado com sucesso">
<status status="NOT RUN" starttime="20230831 09:15:54.029" endtime="20230831 09:15:54.029"/>
</kw>
<kw name="Fechar o navegador" library="amazon_resources" type="TEARDOWN">
<kw name="Capture Page Screenshot" library="SeleniumLibrary">
<doc>Takes a screenshot of the current page and embeds it into a log file.</doc>
<msg timestamp="20230831 09:15:54.227" level="INFO" html="true">&lt;/td&gt;&lt;/tr&gt;&lt;tr&gt;&lt;td colspan="3"&gt;&lt;a href="selenium-screenshot-7.png"&gt;&lt;img src="selenium-screenshot-7.png" width="800px"&gt;&lt;/a&gt;</msg>
<status status="PASS" starttime="20230831 09:15:54.029" endtime="20230831 09:15:54.227"/>
</kw>
<kw name="Close Browser" library="SeleniumLibrary">
<doc>Closes the current browser.</doc>
<status status="PASS" starttime="20230831 09:15:54.227" endtime="20230831 09:15:56.605"/>
</kw>
<status status="PASS" starttime="20230831 09:15:54.029" endtime="20230831 09:15:56.605"/>
</kw>
<doc>Esse teste verifica a adição de um produto no carrinho de compras</doc>
<tag>adicionar_carrinho</tag>
<status status="FAIL" starttime="20230831 09:15:48.903" endtime="20230831 09:15:56.605">Element with locator '(//span[contains(.,'Console Xbox Series S')])[4]' not found.</status>
</test>
<doc>Essa suite testa o site da Amazon.com.br</doc>
<status status="FAIL" starttime="20230831 09:15:48.727" endtime="20230831 09:15:56.608"/>
</suite>
<statistics>
<total>
<stat pass="0" fail="1" skip="0">All Tests</stat>
</total>
<tag>
<stat pass="0" fail="1" skip="0">adicionar_carrinho</stat>
</tag>
<suite>
<stat pass="0" fail="1" skip="0" id="s1" name="Amazon Testes">Amazon Testes</stat>
</suite>
</statistics>
<errors>
</errors>
</robot>
